Using TensorFlow backend.
Processing UNSW/UNSW_NB15_training-set.csv
Numberic feature size: (175341, 39)
Symbolic feature size: (175341, 3)
Label distribution: [ 56000 119341]
Label size: (175341, 1)
Max of integerized symbolic features [132  12   8]
Min of integerized symbolic features [0 0 0]
Processing UNSW/UNSW_NB15_testing-set.csv
Numberic feature size: (82332, 39)
Symbolic feature size: (82332, 3)
Label distribution: [37000 45332]
Label size: (82332, 1)
Max of integerized symbolic features [132  12  10]
Min of integerized symbolic features [0 0 0]
Trainset shape: (175341, 42) (175341, 2)
Finish saving UNSW/train_dataset to UNSW/train_dataset.npy
Finish saving UNSW/train_labels to UNSW/train_labels.npy as binary lables
Valid dataset (9879, 42) (9879, 2)
Validset shape: (9879, 42) (9879, 2)
Finish saving UNSW/valid_dataset to UNSW/valid_dataset.npy
Finish saving UNSW/valid_labels to UNSW/valid_labels.npy as binary lables
Testset shape: (82332, 42) (82332, 2)
Finish saving UNSW/test_dataset to UNSW/test_dataset.npy
Finish saving UNSW/test_labels to UNSW/test_labels.npy as binary lables
('Continuous dataset', (175341, 39))
('Augmenting quantiled dataset', (175341, 57))
('|V| =', 133)
('|E| =', 8)
(175341, 8)
(82332, 8)
(175341, 65)
((9879, 57), (9879, 8))
('|V| =', 13)
('|E| =', 4)
(175341, 4)
(82332, 4)
(175341, 69)
((9879, 65), (9879, 4))
('|V| =', 11)
('|E| =', 4)
(175341, 4)
(82332, 4)
(175341, 73)
((9879, 69), (9879, 4))
('Augmenting discrete & embedding dataset', (175341, 76))
('Min-max scaled dataset', (175341, 76), (82332, 76))
Training set (175341, 76) (175341, 2)
Valid set (9879, 76) (9879, 2)
Test set (82332, 76) (82332, 2)
Train on 175341 samples, validate on 9879 samples
Epoch 1/160
175341/175341 [==============================] - 14s - loss: 0.1406 - acc: 0.9349 - val_loss: 0.3164 - val_acc: 0.8098
Epoch 2/160
175341/175341 [==============================] - 14s - loss: 0.1261 - acc: 0.9380 - val_loss: 0.3092 - val_acc: 0.8237
Epoch 3/160
175341/175341 [==============================] - 14s - loss: 0.1228 - acc: 0.9396 - val_loss: 0.2399 - val_acc: 0.8530
Epoch 4/160
175341/175341 [==============================] - 14s - loss: 0.1207 - acc: 0.9409 - val_loss: 0.2602 - val_acc: 0.8487
Epoch 5/160
175341/175341 [==============================] - 14s - loss: 0.1193 - acc: 0.9409 - val_loss: 0.2497 - val_acc: 0.8602
Epoch 6/160
175341/175341 [==============================] - 14s - loss: 0.1176 - acc: 0.9410 - val_loss: 0.2717 - val_acc: 0.8568
Epoch 7/160
175341/175341 [==============================] - 14s - loss: 0.1168 - acc: 0.9415 - val_loss: 0.3104 - val_acc: 0.8274
Epoch 8/160
175341/175341 [==============================] - 14s - loss: 0.1164 - acc: 0.9422 - val_loss: 0.2547 - val_acc: 0.8670
Epoch 9/160
175341/175341 [==============================] - 14s - loss: 0.1151 - acc: 0.9422 - val_loss: 0.2496 - val_acc: 0.8578
Epoch 10/160
175341/175341 [==============================] - 14s - loss: 0.1147 - acc: 0.9426 - val_loss: 0.2873 - val_acc: 0.8298
Epoch 11/160
175341/175341 [==============================] - 14s - loss: 0.1141 - acc: 0.9429 - val_loss: 0.2584 - val_acc: 0.8534
Epoch 12/160
175341/175341 [==============================] - 14s - loss: 0.1138 - acc: 0.9429 - val_loss: 0.2784 - val_acc: 0.8473
Epoch 13/160
175341/175341 [==============================] - 14s - loss: 0.1135 - acc: 0.9435 - val_loss: 0.2573 - val_acc: 0.8454
Epoch 14/160
175341/175341 [==============================] - 14s - loss: 0.1131 - acc: 0.9434 - val_loss: 0.2549 - val_acc: 0.8626
Epoch 15/160
175341/175341 [==============================] - 14s - loss: 0.1125 - acc: 0.9439 - val_loss: 0.2653 - val_acc: 0.8602
Epoch 16/160
175341/175341 [==============================] - 14s - loss: 0.1121 - acc: 0.9443 - val_loss: 0.2279 - val_acc: 0.8818
Epoch 17/160
175341/175341 [==============================] - 14s - loss: 0.1138 - acc: 0.9439 - val_loss: 0.2655 - val_acc: 0.8557
Epoch 18/160
175341/175341 [==============================] - 14s - loss: 0.1121 - acc: 0.9439 - val_loss: 0.2660 - val_acc: 0.8551
Epoch 19/160
175341/175341 [==============================] - 14s - loss: 0.1116 - acc: 0.9442 - val_loss: 0.2487 - val_acc: 0.8766
Epoch 20/160
175341/175341 [==============================] - 14s - loss: 0.1109 - acc: 0.9447 - val_loss: 0.2471 - val_acc: 0.8712
Epoch 21/160
175341/175341 [==============================] - 14s - loss: 0.1113 - acc: 0.9445 - val_loss: 0.2616 - val_acc: 0.8448
Epoch 22/160
175341/175341 [==============================] - 14s - loss: 0.1115 - acc: 0.9444 - val_loss: 0.2642 - val_acc: 0.8518
Epoch 23/160
175341/175341 [==============================] - 14s - loss: 0.1114 - acc: 0.9444 - val_loss: 0.2679 - val_acc: 0.8571
Epoch 24/160
175341/175341 [==============================] - 14s - loss: 0.1104 - acc: 0.9450 - val_loss: 0.2759 - val_acc: 0.8449
Epoch 25/160
175341/175341 [==============================] - 14s - loss: 0.1109 - acc: 0.9450 - val_loss: 0.2590 - val_acc: 0.8620
Epoch 26/160
175341/175341 [==============================] - 14s - loss: 0.1103 - acc: 0.9447 - val_loss: 0.3643 - val_acc: 0.8309
Epoch 27/160
175341/175341 [==============================] - 14s - loss: 0.1104 - acc: 0.9452 - val_loss: 0.2464 - val_acc: 0.8574
Epoch 28/160
175341/175341 [==============================] - 14s - loss: 0.1102 - acc: 0.9452 - val_loss: 0.2351 - val_acc: 0.8751
Epoch 29/160
175341/175341 [==============================] - 14s - loss: 0.1104 - acc: 0.9449 - val_loss: 0.2651 - val_acc: 0.8490
Epoch 30/160
175341/175341 [==============================] - 14s - loss: 0.1100 - acc: 0.9456 - val_loss: 0.2492 - val_acc: 0.8747
Epoch 31/160
175341/175341 [==============================] - 14s - loss: 0.1095 - acc: 0.9456 - val_loss: 0.2482 - val_acc: 0.8594
Epoch 32/160
175341/175341 [==============================] - 14s - loss: 0.1104 - acc: 0.9449 - val_loss: 0.2754 - val_acc: 0.8445
Epoch 33/160
175341/175341 [==============================] - 14s - loss: 0.1093 - acc: 0.9455 - val_loss: 0.2711 - val_acc: 0.8661
Epoch 34/160
175341/175341 [==============================] - 14s - loss: 0.1092 - acc: 0.9455 - val_loss: 0.2525 - val_acc: 0.8697
Epoch 35/160
175341/175341 [==============================] - 14s - loss: 0.1091 - acc: 0.9457 - val_loss: 0.2572 - val_acc: 0.8622
Epoch 36/160
175341/175341 [==============================] - 14s - loss: 0.1088 - acc: 0.9456 - val_loss: 0.2532 - val_acc: 0.8657
Epoch 37/160
175341/175341 [==============================] - 14s - loss: 0.1086 - acc: 0.9461 - val_loss: 0.2599 - val_acc: 0.8652
Epoch 38/160
175341/175341 [==============================] - 14s - loss: 0.1093 - acc: 0.9461 - val_loss: 0.2936 - val_acc: 0.8555
Epoch 39/160
175341/175341 [==============================] - 14s - loss: 0.1090 - acc: 0.9457 - val_loss: 0.2600 - val_acc: 0.8727
Epoch 40/160
175341/175341 [==============================] - 14s - loss: 0.1088 - acc: 0.9456 - val_loss: 0.2367 - val_acc: 0.8736
Epoch 41/160
175341/175341 [==============================] - 14s - loss: 0.1086 - acc: 0.9460 - val_loss: 0.2501 - val_acc: 0.8647
Epoch 42/160
175341/175341 [==============================] - 14s - loss: 0.1082 - acc: 0.9462 - val_loss: 0.2519 - val_acc: 0.8779
Epoch 43/160
175341/175341 [==============================] - 14s - loss: 0.1093 - acc: 0.9460 - val_loss: 0.2722 - val_acc: 0.8613
Epoch 44/160
175341/175341 [==============================] - 14s - loss: 0.1081 - acc: 0.9462 - val_loss: 0.2692 - val_acc: 0.8581
Epoch 45/160
175341/175341 [==============================] - 14s - loss: 0.1079 - acc: 0.9462 - val_loss: 0.2583 - val_acc: 0.8580
Epoch 46/160
175341/175341 [==============================] - 14s - loss: 0.1086 - acc: 0.9461 - val_loss: 0.2706 - val_acc: 0.8609
Epoch 47/160
175341/175341 [==============================] - 14s - loss: 0.1082 - acc: 0.9458 - val_loss: 0.2646 - val_acc: 0.8557
Epoch 48/160
175341/175341 [==============================] - 14s - loss: 0.1091 - acc: 0.9456 - val_loss: 0.2483 - val_acc: 0.8797
Epoch 49/160
175341/175341 [==============================] - 14s - loss: 0.1081 - acc: 0.9470 - val_loss: 0.2565 - val_acc: 0.8662
Epoch 50/160
175341/175341 [==============================] - 14s - loss: 0.1075 - acc: 0.9466 - val_loss: 0.2374 - val_acc: 0.8765
Epoch 51/160
175341/175341 [==============================] - 14s - loss: 0.1076 - acc: 0.9467 - val_loss: 0.2666 - val_acc: 0.8627
Epoch 52/160
175341/175341 [==============================] - 14s - loss: 0.1074 - acc: 0.9467 - val_loss: 0.2784 - val_acc: 0.8617
Epoch 53/160
175341/175341 [==============================] - 14s - loss: 0.1078 - acc: 0.9465 - val_loss: 0.2781 - val_acc: 0.8706
Epoch 54/160
175341/175341 [==============================] - 14s - loss: 0.1079 - acc: 0.9463 - val_loss: 0.2843 - val_acc: 0.8729
Epoch 55/160
175341/175341 [==============================] - 14s - loss: 0.1082 - acc: 0.9461 - val_loss: 0.2496 - val_acc: 0.8755
Epoch 56/160
175341/175341 [==============================] - 14s - loss: 0.1078 - acc: 0.9465 - val_loss: 0.2622 - val_acc: 0.8511
Epoch 57/160
175341/175341 [==============================] - 14s - loss: 0.1070 - acc: 0.9472 - val_loss: 0.2314 - val_acc: 0.8658
Epoch 58/160
175341/175341 [==============================] - 14s - loss: 0.1077 - acc: 0.9466 - val_loss: 0.2444 - val_acc: 0.8687
Epoch 59/160
175341/175341 [==============================] - 14s - loss: 0.1079 - acc: 0.9463 - val_loss: 0.2620 - val_acc: 0.8448
Epoch 60/160
175341/175341 [==============================] - 14s - loss: 0.1074 - acc: 0.9468 - val_loss: 0.2384 - val_acc: 0.8742
Epoch 61/160
175341/175341 [==============================] - 14s - loss: 0.1083 - acc: 0.9463 - val_loss: 0.2381 - val_acc: 0.8743
Epoch 62/160
175341/175341 [==============================] - 14s - loss: 0.1069 - acc: 0.9467 - val_loss: 0.2429 - val_acc: 0.8724
Epoch 63/160
175341/175341 [==============================] - 14s - loss: 0.1070 - acc: 0.9470 - val_loss: 0.2616 - val_acc: 0.8689
Epoch 64/160
175341/175341 [==============================] - 14s - loss: 0.1076 - acc: 0.9470 - val_loss: 0.2572 - val_acc: 0.8547
Epoch 65/160
175341/175341 [==============================] - 14s - loss: 0.1068 - acc: 0.9471 - val_loss: 0.2738 - val_acc: 0.8614
Epoch 66/160
175341/175341 [==============================] - 14s - loss: 0.1062 - acc: 0.9473 - val_loss: 0.2446 - val_acc: 0.8675
Epoch 67/160
175341/175341 [==============================] - 14s - loss: 0.1074 - acc: 0.9468 - val_loss: 0.3039 - val_acc: 0.8588
Epoch 68/160
175341/175341 [==============================] - 14s - loss: 0.1070 - acc: 0.9471 - val_loss: 0.2602 - val_acc: 0.8758
Epoch 69/160
175341/175341 [==============================] - 14s - loss: 0.1064 - acc: 0.9472 - val_loss: 0.2705 - val_acc: 0.8616
Epoch 70/160
175341/175341 [==============================] - 14s - loss: 0.1064 - acc: 0.9477 - val_loss: 0.2665 - val_acc: 0.8552
Epoch 71/160
175341/175341 [==============================] - 14s - loss: 0.1070 - acc: 0.9472 - val_loss: 0.2597 - val_acc: 0.8592
Epoch 72/160
175341/175341 [==============================] - 14s - loss: 0.1067 - acc: 0.9473 - val_loss: 0.2390 - val_acc: 0.8773
Epoch 73/160
175341/175341 [==============================] - 14s - loss: 0.1067 - acc: 0.9473 - val_loss: 0.2588 - val_acc: 0.8539
Epoch 74/160
175341/175341 [==============================] - 14s - loss: 0.1066 - acc: 0.9474 - val_loss: 0.2370 - val_acc: 0.8700
Epoch 75/160
175341/175341 [==============================] - 14s - loss: 0.1080 - acc: 0.9471 - val_loss: 0.2436 - val_acc: 0.8689
Epoch 76/160
175341/175341 [==============================] - 14s - loss: 0.1067 - acc: 0.9473 - val_loss: 0.2417 - val_acc: 0.8846
Epoch 77/160
175341/175341 [==============================] - 14s - loss: 0.1078 - acc: 0.9466 - val_loss: 0.2491 - val_acc: 0.8740
Epoch 78/160
175341/175341 [==============================] - 14s - loss: 0.1066 - acc: 0.9476 - val_loss: 0.2613 - val_acc: 0.8685
Epoch 79/160
175341/175341 [==============================] - 14s - loss: 0.1062 - acc: 0.9466 - val_loss: 0.2644 - val_acc: 0.8604
Epoch 80/160
175341/175341 [==============================] - 14s - loss: 0.1061 - acc: 0.9477 - val_loss: 0.2542 - val_acc: 0.8704
Epoch 81/160
175341/175341 [==============================] - 14s - loss: 0.1063 - acc: 0.9471 - val_loss: 0.2835 - val_acc: 0.8538
Epoch 82/160
175341/175341 [==============================] - 14s - loss: 0.1073 - acc: 0.9472 - val_loss: 0.2483 - val_acc: 0.8712
Epoch 83/160
175341/175341 [==============================] - 14s - loss: 0.1065 - acc: 0.9476 - val_loss: 0.2354 - val_acc: 0.8673
Epoch 84/160
175341/175341 [==============================] - 14s - loss: 0.1077 - acc: 0.9475 - val_loss: 0.2594 - val_acc: 0.8537
Epoch 85/160
175341/175341 [==============================] - 14s - loss: 0.1064 - acc: 0.9473 - val_loss: 0.2523 - val_acc: 0.8587
Epoch 86/160
175341/175341 [==============================] - 14s - loss: 0.1062 - acc: 0.9476 - val_loss: 0.2719 - val_acc: 0.8676
Epoch 87/160
175341/175341 [==============================] - 14s - loss: 0.1063 - acc: 0.9473 - val_loss: 0.2354 - val_acc: 0.8949
Epoch 88/160
175341/175341 [==============================] - 14s - loss: 0.1060 - acc: 0.9479 - val_loss: 0.2271 - val_acc: 0.8903
Epoch 89/160
175341/175341 [==============================] - 14s - loss: 0.1056 - acc: 0.9482 - val_loss: 0.2381 - val_acc: 0.8676
Epoch 90/160
175341/175341 [==============================] - 14s - loss: 0.1059 - acc: 0.9477 - val_loss: 0.2960 - val_acc: 0.8640
Epoch 91/160
175341/175341 [==============================] - 14s - loss: 0.1054 - acc: 0.9474 - val_loss: 0.2651 - val_acc: 0.8829
Epoch 92/160
175341/175341 [==============================] - 14s - loss: 0.1065 - acc: 0.9476 - val_loss: 0.2620 - val_acc: 0.8608
Epoch 93/160
175341/175341 [==============================] - 14s - loss: 0.1062 - acc: 0.9470 - val_loss: 0.2520 - val_acc: 0.8757
Epoch 94/160
175341/175341 [==============================] - 14s - loss: 0.1059 - acc: 0.9476 - val_loss: 0.2674 - val_acc: 0.8659
Epoch 95/160
175341/175341 [==============================] - 14s - loss: 0.1085 - acc: 0.9472 - val_loss: 0.2514 - val_acc: 0.8694
Epoch 96/160
175341/175341 [==============================] - 14s - loss: 0.1055 - acc: 0.9482 - val_loss: 0.2351 - val_acc: 0.8750
Epoch 97/160
175341/175341 [==============================] - 14s - loss: 0.1050 - acc: 0.9482 - val_loss: 0.2383 - val_acc: 0.8763
Epoch 98/160
175341/175341 [==============================] - 14s - loss: 0.1059 - acc: 0.9481 - val_loss: 0.2597 - val_acc: 0.8648
Epoch 99/160
175341/175341 [==============================] - 14s - loss: 0.1059 - acc: 0.9479 - val_loss: 0.2587 - val_acc: 0.8674
Epoch 100/160
175341/175341 [==============================] - 14s - loss: 0.1061 - acc: 0.9482 - val_loss: 0.2717 - val_acc: 0.8567
Epoch 101/160
175341/175341 [==============================] - 14s - loss: 0.1076 - acc: 0.9480 - val_loss: 0.2527 - val_acc: 0.8633
Epoch 102/160
175341/175341 [==============================] - 14s - loss: 0.1061 - acc: 0.9481 - val_loss: 0.2515 - val_acc: 0.8718
Epoch 103/160
175341/175341 [==============================] - 14s - loss: 0.1067 - acc: 0.9478 - val_loss: 0.2679 - val_acc: 0.8646
Epoch 104/160
175341/175341 [==============================] - 14s - loss: 0.1066 - acc: 0.9476 - val_loss: 0.2662 - val_acc: 0.8669
Epoch 105/160
175341/175341 [==============================] - 14s - loss: 0.1052 - acc: 0.9481 - val_loss: 0.2406 - val_acc: 0.8744
Epoch 106/160
175341/175341 [==============================] - 14s - loss: 0.1067 - acc: 0.9484 - val_loss: 0.2505 - val_acc: 0.8669
Epoch 107/160
175341/175341 [==============================] - 14s - loss: 0.1076 - acc: 0.9475 - val_loss: 0.2833 - val_acc: 0.8582
Epoch 108/160
175341/175341 [==============================] - 14s - loss: 0.1045 - acc: 0.9482 - val_loss: 0.2534 - val_acc: 0.8693
Epoch 109/160
175341/175341 [==============================] - 14s - loss: 0.1051 - acc: 0.9480 - val_loss: 0.2665 - val_acc: 0.8528
Epoch 110/160
175341/175341 [==============================] - 14s - loss: 0.1051 - acc: 0.9483 - val_loss: 0.2450 - val_acc: 0.8729
Epoch 111/160
175341/175341 [==============================] - 14s - loss: 0.1058 - acc: 0.9482 - val_loss: 0.2956 - val_acc: 0.8599
Epoch 112/160
175341/175341 [==============================] - 14s - loss: 0.1057 - acc: 0.9484 - val_loss: 0.2726 - val_acc: 0.8529
Epoch 113/160
175341/175341 [==============================] - 14s - loss: 0.1057 - acc: 0.9481 - val_loss: 0.2625 - val_acc: 0.8687
Epoch 114/160
175341/175341 [==============================] - 14s - loss: 0.1049 - acc: 0.9484 - val_loss: 0.2875 - val_acc: 0.8571
Epoch 115/160
175341/175341 [==============================] - 14s - loss: 0.1088 - acc: 0.9479 - val_loss: 0.2570 - val_acc: 0.8901
Epoch 116/160
175341/175341 [==============================] - 13s - loss: 0.1086 - acc: 0.9477 - val_loss: 0.2562 - val_acc: 0.8666
Epoch 117/160
175341/175341 [==============================] - 13s - loss: 0.1050 - acc: 0.9481 - val_loss: 0.2445 - val_acc: 0.8766
Epoch 118/160
175341/175341 [==============================] - 13s - loss: 0.1047 - acc: 0.9485 - val_loss: 0.2692 - val_acc: 0.8558
Epoch 119/160
175341/175341 [==============================] - 13s - loss: 0.1045 - acc: 0.9483 - val_loss: 0.2525 - val_acc: 0.8820
Epoch 120/160
175341/175341 [==============================] - 13s - loss: 0.1050 - acc: 0.9480 - val_loss: 0.2524 - val_acc: 0.8865
Epoch 121/160
175341/175341 [==============================] - 13s - loss: 0.1053 - acc: 0.9484 - val_loss: 0.2691 - val_acc: 0.8605
Epoch 122/160
175341/175341 [==============================] - 13s - loss: 0.1051 - acc: 0.9484 - val_loss: 0.2773 - val_acc: 0.8734
Epoch 123/160
175341/175341 [==============================] - 13s - loss: 0.1046 - acc: 0.9488 - val_loss: 0.2664 - val_acc: 0.8677
Epoch 124/160
175341/175341 [==============================] - 13s - loss: 0.1075 - acc: 0.9480 - val_loss: 0.2525 - val_acc: 0.8791
Epoch 125/160
175341/175341 [==============================] - 13s - loss: 0.1042 - acc: 0.9488 - val_loss: 0.2566 - val_acc: 0.8700
Epoch 126/160
175341/175341 [==============================] - 13s - loss: 0.1045 - acc: 0.9484 - val_loss: 0.2320 - val_acc: 0.8870
Epoch 127/160
175341/175341 [==============================] - 14s - loss: 0.1044 - acc: 0.9482 - val_loss: 0.2682 - val_acc: 0.8717
Epoch 128/160
175341/175341 [==============================] - 14s - loss: 0.1047 - acc: 0.9486 - val_loss: 0.2545 - val_acc: 0.8818
Epoch 129/160
175341/175341 [==============================] - 14s - loss: 0.1059 - acc: 0.9482 - val_loss: 0.2640 - val_acc: 0.8740
Epoch 130/160
175341/175341 [==============================] - 14s - loss: 0.1073 - acc: 0.9476 - val_loss: 0.2796 - val_acc: 0.8544
Epoch 131/160
175341/175341 [==============================] - 14s - loss: 0.1057 - acc: 0.9476 - val_loss: 0.2866 - val_acc: 0.8624
Epoch 132/160
175341/175341 [==============================] - 14s - loss: 0.1056 - acc: 0.9483 - val_loss: 0.2858 - val_acc: 0.8593
Epoch 133/160
175341/175341 [==============================] - 14s - loss: 0.1061 - acc: 0.9483 - val_loss: 0.2628 - val_acc: 0.8668
Epoch 134/160
175341/175341 [==============================] - 14s - loss: 0.1057 - acc: 0.9484 - val_loss: 0.2553 - val_acc: 0.8629
Epoch 135/160
175341/175341 [==============================] - 14s - loss: 0.1059 - acc: 0.9483 - val_loss: 0.2661 - val_acc: 0.8700
Epoch 136/160
175341/175341 [==============================] - 14s - loss: 0.1050 - acc: 0.9483 - val_loss: 0.2679 - val_acc: 0.8762
Epoch 137/160
175341/175341 [==============================] - 14s - loss: 0.1070 - acc: 0.9489 - val_loss: 0.2643 - val_acc: 0.8631
Epoch 138/160
175341/175341 [==============================] - 14s - loss: 0.1109 - acc: 0.9475 - val_loss: 0.2409 - val_acc: 0.8736
Epoch 139/160
175341/175341 [==============================] - 14s - loss: 0.1052 - acc: 0.9487 - val_loss: 0.2947 - val_acc: 0.8662
Epoch 140/160
175341/175341 [==============================] - 14s - loss: 0.1058 - acc: 0.9484 - val_loss: 0.2707 - val_acc: 0.8740
Epoch 141/160
175341/175341 [==============================] - 14s - loss: 0.1047 - acc: 0.9486 - val_loss: 0.2600 - val_acc: 0.8747
Epoch 142/160
175341/175341 [==============================] - 14s - loss: 0.1057 - acc: 0.9486 - val_loss: 0.2807 - val_acc: 0.8688
Epoch 143/160
175341/175341 [==============================] - 14s - loss: 0.1046 - acc: 0.9493 - val_loss: 0.2691 - val_acc: 0.8667
Epoch 144/160
175341/175341 [==============================] - 14s - loss: 0.1053 - acc: 0.9484 - val_loss: 0.2649 - val_acc: 0.8744
Epoch 145/160
175341/175341 [==============================] - 14s - loss: 0.1064 - acc: 0.9480 - val_loss: 0.2830 - val_acc: 0.8718
Epoch 146/160
175341/175341 [==============================] - 14s - loss: 0.1073 - acc: 0.9483 - val_loss: 0.2567 - val_acc: 0.8750
Epoch 147/160
175341/175341 [==============================] - 14s - loss: 0.1074 - acc: 0.9494 - val_loss: 0.2595 - val_acc: 0.8735
Epoch 148/160
175341/175341 [==============================] - 14s - loss: 0.1091 - acc: 0.9485 - val_loss: 0.2843 - val_acc: 0.8669
Epoch 149/160
175341/175341 [==============================] - 14s - loss: 0.1047 - acc: 0.9484 - val_loss: 0.2847 - val_acc: 0.8627
Epoch 150/160
175341/175341 [==============================] - 14s - loss: 0.1047 - acc: 0.9488 - val_loss: 0.2509 - val_acc: 0.8793
Epoch 151/160
175341/175341 [==============================] - 14s - loss: 0.1078 - acc: 0.9483 - val_loss: 0.2574 - val_acc: 0.8699
Epoch 152/160
175341/175341 [==============================] - 14s - loss: 0.1100 - acc: 0.9484 - val_loss: 0.2611 - val_acc: 0.8806
Epoch 153/160
175341/175341 [==============================] - 14s - loss: 0.1064 - acc: 0.9483 - val_loss: 0.2629 - val_acc: 0.8539
Epoch 154/160
175341/175341 [==============================] - 14s - loss: 0.1048 - acc: 0.9490 - val_loss: 0.2729 - val_acc: 0.8575
Epoch 155/160
175341/175341 [==============================] - 14s - loss: 0.1045 - acc: 0.9490 - val_loss: 0.2708 - val_acc: 0.8572
Epoch 156/160
175341/175341 [==============================] - 14s - loss: 0.1047 - acc: 0.9489 - val_loss: 0.2680 - val_acc: 0.8665
Epoch 157/160
175341/175341 [==============================] - 14s - loss: 0.1051 - acc: 0.9484 - val_loss: 0.2562 - val_acc: 0.8597
Epoch 158/160
175341/175341 [==============================] - 14s - loss: 0.1044 - acc: 0.9488 - val_loss: 0.2574 - val_acc: 0.8815
Epoch 159/160
175341/175341 [==============================] - 14s - loss: 0.1053 - acc: 0.9493 - val_loss: 0.2653 - val_acc: 0.8779
Epoch 160/160
175341/175341 [==============================] - 14s - loss: 0.1046 - acc: 0.9493 - val_loss: 0.2503 - val_acc: 0.8716
81088/82332 [============================>.] - ETA: 0s('Test loss:', 0.24611153047268866)
('Test accuracy:', 0.86907885147068875)

