Mean normalizing dataset
('Training set', (175341, 42), (175341, 2))
('Test set', (82332, 42), (82332, 2))
Use non-linear SVM

*****************    TRAIN SET    *******************
Accuracy: 0.931570
    0      1
-----  -----
34798   2202
 3432  41900
Class          0      1
---------  -----  -----
Precision  91.02  95.01
Recall     94.05  92.43
F1-Score   92.51  93.7
******************************************************

*****************    TEST SET    *******************
Accuracy: 0.882036
    0       1
-----  ------
54205    1795
18889  100452
Class          0      1
---------  -----  -----
Precision  74.16  98.24
Recall     96.79  84.17
F1-Score   83.98  90.67
******************************************************

*********** Hyperparameter Summary ***********
Linear = False
class_weight = {0: 1, 1: 1}
***********************************************

*****************    RBM-Encoded TRAIN SET    *******************
Accuracy: 0.786474
    0      1
-----  -----
19420  17580
    0  45332
Class           0       1
---------  ------  ------
Precision  100      72.06
Recall      52.49  100
F1-Score    68.84   83.76
******************************************************

*****************    RBM-Encoded TRAIN SET    *******************
Accuracy: 0.927553
    0       1
-----  ------
43307   12693
   10  119331
Class          0      1
---------  -----  -----
Precision  99.98  90.39
Recall     77.33  99.99
F1-Score   87.21  94.95
******************************************************

*****************    TRAIN SET    *******************
Accuracy: 0.937322
    0       1
-----  ------
45449   10551
  439  118902
Class          0      1
---------  -----  -----
Precision  99.04  91.85
Recall     81.16  99.63
F1-Score   89.21  95.58
******************************************************


*****************    TRAIN SET    *******************
Accuracy: 0.931570
    0      1
-----  -----
34798   2202
 3432  41900
Class          0      1
---------  -----  -----
Precision  91.02  95.01
Recall     94.05  92.43
F1-Score   92.51  93.7
******************************************************

*****************    TEST SET    *******************
Accuracy: 0.882036
    0       1
-----  ------
54205    1795
18889  100452
Class          0      1
---------  -----  -----
Precision  74.16  98.24
Recall     96.79  84.17
F1-Score   83.98  90.67
******************************************************

*********** Hyperparameter Summary ***********
Linear = False
class_weight = {0: 1, 1: 1}
***********************************************

*****************    RBM-Encoded TRAIN SET    *******************
Accuracy: 0.786474
    0      1
-----  -----
19420  17580
    0  45332
Class           0       1
---------  ------  ------
Precision  100      72.06
Recall      52.49  100
F1-Score    68.84   83.76
******************************************************

*****************    RBM-Encoded TRAIN SET    *******************
Accuracy: 0.927553
    0       1
-----  ------
43307   12693
   10  119331
Class          0      1
---------  -----  -----
Precision  99.98  90.39
Recall     77.33  99.99
F1-Score   87.21  94.95
******************************************************

*****************    TRAIN SET    *******************
Accuracy: 0.937322
    0       1
-----  ------
45449   10551
  439  118902
Class          0      1
---------  -----  -----
Precision  99.04  91.85
Recall     81.16  99.63
F1-Score   89.21  95.58
******************************************************

*****************    TEST SET    *******************
Accuracy: 0.815017
    0      1
-----  -----
22027  14973
  257  45075
Class          0      1
---------  -----  -----
Precision  98.85  75.06
Recall     59.53  99.43
F1-Score   74.31  85.55
******************************************************

*********** Hyperparameter Summary ***********
Linear = False
class_weight = {0: 1, 1: 1}
***********************************************

Use linear SVM

*****************    TRAIN SET    *******************
Accuracy: 0.919084
    0      1
-----  -----
33759   3241
 3421  41911
Class          0      1
---------  -----  -----
Precision  90.8   92.82
Recall     91.24  92.45
F1-Score   91.02  92.64
******************************************************

*****************    TEST SET    *******************
Accuracy: 0.874125
    0      1
-----  -----
53727   2273
19798  99543
Class          0      1
---------  -----  -----
Precision  73.07  97.77
Recall     95.94  83.41
F1-Score   82.96  90.02
******************************************************

*********** Hyperparameter Summary ***********
Linear = True
class_weight = {0: 1, 1: 1}
***********************************************

*****************    RBM-Encoded TRAIN SET    *******************
Accuracy: 0.820155
    0      1
-----  -----
22290  14710
   97  45235
Class          0      1
---------  -----  -----
Precision  99.57  75.46
Recall     60.24  99.79
F1-Score   75.07  85.94
******************************************************

*****************    RBM-Encoded TRAIN SET    *******************
Accuracy: 0.933045
    0       1
-----  ------
45472   10528
 1212  118129
Class          0      1
---------  -----  -----
Precision  97.4   91.82
Recall     81.2   98.98
F1-Score   88.57  95.27
******************************************************

*****************    TRAIN SET    *******************
Accuracy: 0.934870
    0       1
-----  ------
45256   10744
  676  118665
Class          0      1
---------  -----  -----
Precision  98.53  91.7
Recall     80.81  99.43
F1-Score   88.8   95.41
******************************************************


*****************    TRAIN SET    *******************
Accuracy: 0.919084
    0      1
-----  -----
33759   3241
 3421  41911
Class          0      1
---------  -----  -----
Precision  90.8   92.82
Recall     91.24  92.45
F1-Score   91.02  92.64
******************************************************

*****************    TEST SET    *******************
Accuracy: 0.874125
    0      1
-----  -----
53727   2273
19798  99543
Class          0      1
---------  -----  -----
Precision  73.07  97.77
Recall     95.94  83.41
F1-Score   82.96  90.02
******************************************************

*********** Hyperparameter Summary ***********
Linear = True
class_weight = {0: 1, 1: 1}
***********************************************

*****************    RBM-Encoded TRAIN SET    *******************
Accuracy: 0.820155
    0      1
-----  -----
22290  14710
   97  45235
Class          0      1
---------  -----  -----
Precision  99.57  75.46
Recall     60.24  99.79
F1-Score   75.07  85.94
******************************************************

*****************    RBM-Encoded TRAIN SET    *******************
Accuracy: 0.933045
    0       1
-----  ------
45472   10528
 1212  118129
Class          0      1
---------  -----  -----
Precision  97.4   91.82
Recall     81.2   98.98
F1-Score   88.57  95.27
******************************************************

*****************    TRAIN SET    *******************
Accuracy: 0.934870
    0       1
-----  ------
45256   10744
  676  118665
Class          0      1
---------  -----  -----
Precision  98.53  91.7
Recall     80.81  99.43
F1-Score   88.8   95.41
******************************************************

*****************    TEST SET    *******************
Accuracy: 0.812564
    0      1
-----  -----
21991  15009
  423  44909
Class          0      1
---------  -----  -----
Precision  98.11  74.95
Recall     59.44  99.07
F1-Score   74.03  85.34
******************************************************

*********** Hyperparameter Summary ***********
Linear = True
class_weight = {0: 1, 1: 1}
***********************************************

