/usr/local/lib/python2.7/dist-packages/pandas/core/computation/__init__.py:18: UserWarning: The installed version of numexpr 2.4.3 is not supported in pandas and will be not be used
The minimum supported version is 2.4.6

  ver=ver, min_ver=_MIN_NUMEXPR_VERSION), UserWarning)
['proto', 'service', 'state'] 3
['dur', 'rate', 'sload', 'dload', 'sinpkt', 'dinpkt', 'sjit', 'djit', 'tcprtt', 'synack', 'ackdat'] 11
['spkts', 'dpkts', 'sbytes', 'dbytes', 'sttl', 'dttl', 'sloss', 'dloss', 'swin', 'stcpb', 'dtcpb', 'dwin', 'smean', 'dmean', 'trans_depth', 'response_body_len', 'ct_srv_src', 'ct_state_ttl', 'ct_dst_ltm', 'ct_src_dport_ltm', 'ct_dst_sport_ltm', 'ct_dst_src_ltm', 'is_ftp_login', 'ct_ftp_cmd', 'ct_flw_http_mthd', 'ct_src_ltm', 'ct_srv_dst', 'is_sm_ips_ports'] 28
Headers for dataset file: dur,proto,service,state,spkts,dpkts,sbytes,dbytes,rate,sttl,dttl,sload,dload,sloss,dloss,sinpkt,dinpkt,sjit,djit,swin,stcpb,dtcpb,dwin,tcprtt,synack,ackdat,smean,dmean,trans_depth,response_body_len,ct_srv_src,ct_state_ttl,ct_dst_ltm,ct_src_dport_ltm,ct_dst_sport_ltm,ct_dst_src_ltm,is_ftp_login,ct_ftp_cmd,ct_flw_http_mthd,ct_src_ltm,ct_srv_dst,is_sm_ips_ports,attack_cat,label,
state ['ACC', 'PAR', 'CLO', 'no', 'INT', 'URN', 'REQ', 'ECO', 'RST', 'FIN', 'CON']
service ['ftp', 'http', 'snmp', '-', 'smtp', 'pop3', 'ssl', 'ftp-data', 'radius', 'ssh', 'dns', 'dhcp', 'irc']
proto ['skip', 'ttp', 'tcp', 'cphb', 'rtp', 'iplt', 'tcf', 'narp', 'crtp', 'ax.25', 'ptp', 'chaos', 'merit-inp', 'xtp', 'ipcomp', 'a/n', 'aris', 'bna', 'rsvp', 'nvp', 'trunk-2', 'iatp', '3pc', 'iso-ip', 'ippc', 'pri-enc', 'bbn-rcc', 'emcon', 'wsn', 'idpr', 'sccopmce', 'cftp', 'arp', 'pvp', 'sep', 'secure-vmtp', 'netblt', 'leaf-1', 'pnni', 'zero', 'cpnx', 'i-nlsp', 'larp', 'ddp', 'crudp', 'smp', 'xns-idp', 'vrrp', 'sctp', 'idpr-cmtp', 'ipx-n-ip', 'dcn', 'ipv6-route', 'ggp', 'qnx', 'ddx', 'xnet', 'pup', 'tp++', 'rdp', 'mfe-nsp', 'argus', 'srp', 'visa', 'idrp', 'ospf', 'vmtp', 'nsfnet-igp', 'pgm', 'wb-expak', 'br-sat-mon', 'tlsp', 'igmp', 'unas', 'sun-nd', 'swipe', 'aes-sp3-d', 'iso-tp4', 'l2tp', 'ipv6', 'compaq-peer', 'udp', 'st2', 'fire', 'mhrp', 'hmp', 'micp', 'ipv6-opts', 'icmp', 'isis', 'trunk-1', 'mtp', 'uti', 'ipip', 'mux', 'eigrp', 'leaf-2', 'stp', 'sdrp', 'ipv6-no', 'pim', 'rvd', 'prm', 'ip', 'sps', 'il', 'cbt', 'sprite-rpc', 'ifmp', 'ib', 'any', 'sat-mon', 'igp', 'scps', 'gre', 'encap', 'irtp', 'sat-expak', 'gmtp', 'wb-mon', 'dgp', 'fc', 'etherip', 'snp', 'ipnip', 'mobile', 'egp', 'kryptolan', 'vines', 'pipe', 'ipv6-frag', 'ipcv', 'sm']
#wide components: 3
state |V| = 11
service |V| = 13
proto |V| = 133
#deep components: 44
WARNING:tensorflow:Using temporary folder as model directory: /tmp/tmpf6rmqU
dealing with UNSW/UNSW_NB15_training-set.csv
Raw dataset shape: (175341, 42)
Raw label shape: (175341,)
dealing with UNSW/UNSW_NB15_testing-set.csv
Raw dataset shape: (82332, 42)
Raw label shape: (82332,)
WARNING:tensorflow:Casting <dtype: 'float32'> labels to bool.
WARNING:tensorflow:Casting <dtype: 'float32'> labels to bool.
loss: 51.2613
accuracy_baseline: 0.5506
global_step: 40000
auc: 0.953462
prediction/mean: 0.654463
label/mean: 0.5506
average_loss: 0.320648
auc_precision_recall: 0.966114
accuracy: 0.814434
